Base path: C:/Program Files (x86)/Unity/Editor/Data
Pipe name: \\.\pipe\UnityShaderCompiler-3-12916
Cmd: getPlatforms
Cmd: compileSnippet
  api=4 type=0 insize=5424 outsize=2468 kw=DIRECTIONAL LIGHTMAP_ON DIRLIGHTMAP_OFF ok=1
Cmd: compileSnippet
  api=1 type=0 insize=5424 outsize=662 kw=DIRECTIONAL LIGHTMAP_ON DIRLIGHTMAP_ON ok=1
Cmd: compileSnippet
  api=4 type=1 insize=5424 outsize=1534 kw=DIRECTIONAL LIGHTMAP_ON DIRLIGHTMAP_OFF ok=1
Cmd: compileSnippet
  api=8 type=1 insize=5424 outsize=4615 kw=DIRECTIONAL LIGHTMAP_ON DIRLIGHTMAP_ON ok=1
Cmd: compileSnippet
  api=0 type=0 insize=2693 outsize=699 kw=DIRECTIONAL ok=1
Cmd: compileSnippet
  api=0 type=0 insize=2693 outsize=857 kw=POINT_COOKIE ok=1
Cmd: compileSnippet
  api=4 type=0 insize=2693 outsize=3029 kw=DIRECTIONAL_COOKIE ok=1
Cmd: compileSnippet
  api=4 type=1 insize=2693 outsize=2119 kw=DIRECTIONAL ok=1
Cmd: compileSnippet
  api=1 type=1 insize=2693 outsize=814 kw=POINT_COOKIE ok=1
Cmd: compileSnippet
  api=8 type=1 insize=2693 outsize=3608 kw=DIRECTIONAL_COOKIE ok=1
Unhandled exception: Readfile from pipe failed. GLE=The pipe has been ended.


Quitting shader compiler process
