Base path: C:/Program Files (x86)/Unity/Editor/Data
Pipe name: \\.\pipe\UnityShaderCompiler-4-7312
Cmd: getPlatforms
Cmd: compileSnippet
  api=8 type=0 insize=5424 outsize=3551 kw=DIRECTIONAL LIGHTMAP_ON DIRLIGHTMAP_OFF ok=1
Cmd: compileSnippet
  api=4 type=0 insize=5424 outsize=2932 kw=DIRECTIONAL LIGHTMAP_ON DIRLIGHTMAP_ON ok=1
Cmd: compileSnippet
  api=0 type=0 insize=5424 outsize=2008 kw=DIRECTIONAL LIGHTMAP_OFF DIRLIGHTMAP_OFF VERTEXLIGHT_ON ok=1
Cmd: compileSnippet
  api=0 type=1 insize=5424 outsize=912 kw=DIRECTIONAL LIGHTMAP_OFF DIRLIGHTMAP_OFF ok=1
Cmd: compileSnippet
  api=1 type=1 insize=5424 outsize=1029 kw=DIRECTIONAL LIGHTMAP_ON DIRLIGHTMAP_ON ok=1
Cmd: compileSnippet
  api=8 type=0 insize=2693 outsize=3307 kw=DIRECTIONAL ok=1
Cmd: compileSnippet
  api=4 type=0 insize=2693 outsize=3053 kw=POINT_COOKIE ok=1
Cmd: compileSnippet
  api=8 type=0 insize=2693 outsize=4331 kw=DIRECTIONAL_COOKIE ok=1
Cmd: compileSnippet
  api=8 type=1 insize=2693 outsize=3202 kw=DIRECTIONAL ok=1
Cmd: compileSnippet
  api=1 type=1 insize=2693 outsize=708 kw=DIRECTIONAL_COOKIE ok=1
